The system is: Windows - 10.0.19041 - AMD64
Compiling the C compiler identification source file "CMakeCCompilerId.c" succeeded.
Compiler: D:/Community/VC/Tools/MSVC/14.29.30037/bin/Hostx86/x86/cl.exe 
Build flags: 
Id flags:  

The output was:
0
Оптимизирующий компилятор Microsoft (R) C/C++ версии 19.29.30037 для x86
(C) Корпорация Майкрософт (Microsoft Corporation).  Все права защищены.

CMakeCCompilerId.c
Microsoft (R) Incremental Linker Version 14.29.30037.0
Copyright (C) Microsoft Corporation.  All rights reserved.

/out:CMakeCCompilerId.exe 
CMakeCCompilerId.obj 


Compilation of the C compiler identification source "CMakeCCompilerId.c" produced "CMakeCCompilerId.exe"

Compilation of the C compiler identification source "CMakeCCompilerId.c" produced "CMakeCCompilerId.obj"

The C compiler identification is MSVC, found in "C:/Users/79841/CLionProjects/untitled1/cmake-build-debug-visual-studio/CMakeFiles/3.19.2/CompilerIdC/CMakeCCompilerId.exe"

Compiling the CXX compiler identification source file "CMakeCXXCompilerId.cpp" succeeded.
Compiler: D:/Community/VC/Tools/MSVC/14.29.30037/bin/Hostx86/x86/cl.exe 
Build flags: 
Id flags:  

The output was:
0
Оптимизирующий компилятор Microsoft (R) C/C++ версии 19.29.30037 для x86
(C) Корпорация Майкрософт (Microsoft Corporation).  Все права защищены.

CMakeCXXCompilerId.cpp
Microsoft (R) Incremental Linker Version 14.29.30037.0
Copyright (C) Microsoft Corporation.  All rights reserved.

/out:CMakeCXXCompilerId.exe 
CMakeCXXCompilerId.obj 


Compilation of the CXX compiler identification source "CMakeCXXCompilerId.cpp" produced "CMakeCXXCompilerId.exe"

Compilation of the CXX compiler identification source "CMakeCXXCompilerId.cpp" produced "CMakeCXXCompilerId.obj"

The CXX compiler identification is MSVC, found in "C:/Users/79841/CLionProjects/untitled1/cmake-build-debug-visual-studio/CMakeFiles/3.19.2/CompilerIdCXX/CMakeCXXCompilerId.exe"

Detecting C compiler ABI info compiled with the following output:
Change Dir: C:/Users/79841/CLionProjects/untitled1/cmake-build-debug-visual-studio/CMakeFiles/CMakeTmp

Run Build Command(s):nmake /nologo cmTC_2119e\fast && 	D:\Community\VC\Tools\MSVC\14.29.30037\bin\HostX86\x86\nmake.exe  -f CMakeFiles\cmTC_2119e.dir\build.make /nologo -L                  CMakeFiles\cmTC_2119e.dir\build
Building C object CMakeFiles/cmTC_2119e.dir/CMakeCCompilerABI.c.obj
	D:\Community\VC\Tools\MSVC\14.29.30037\bin\Hostx86\x86\cl.exe @C:\Users\79841\AppData\Local\Temp\nm6F2E.tmp
CMakeCCompilerABI.c
Linking C executable cmTC_2119e.exe
	"D:\CLion\CLion 2021.1.1\bin\cmake\win\bin\cmake.exe" -E vs_link_exe --intdir=CMakeFiles\cmTC_2119e.dir --rc=C:\PROGRA~2\WI3CF2~1\10\bin\100190~1.0\x86\rc.exe --mt=C:\PROGRA~2\WI3CF2~1\10\bin\100190~1.0\x86\mt.exe --manifests -- D:\Community\VC\Tools\MSVC\14.29.30037\bin\Hostx86\x86\link.exe /nologo @CMakeFiles\cmTC_2119e.dir\objects1.rsp @C:\Users\79841\AppData\Local\Temp\nm70D5.tmp



Detecting CXX compiler ABI info compiled with the following output:
Change Dir: C:/Users/79841/CLionProjects/untitled1/cmake-build-debug-visual-studio/CMakeFiles/CMakeTmp

Run Build Command(s):nmake /nologo cmTC_f2f1a\fast && 	D:\Community\VC\Tools\MSVC\14.29.30037\bin\HostX86\x86\nmake.exe  -f CMakeFiles\cmTC_f2f1a.dir\build.make /nologo -L                  CMakeFiles\cmTC_f2f1a.dir\build
Building CXX object CMakeFiles/cmTC_f2f1a.dir/CMakeCXXCompilerABI.cpp.obj
	D:\Community\VC\Tools\MSVC\14.29.30037\bin\Hostx86\x86\cl.exe @C:\Users\79841\AppData\Local\Temp\nm7364.tmp
CMakeCXXCompilerABI.cpp
Linking CXX executable cmTC_f2f1a.exe
	"D:\CLion\CLion 2021.1.1\bin\cmake\win\bin\cmake.exe" -E vs_link_exe --intdir=CMakeFiles\cmTC_f2f1a.dir --rc=C:\PROGRA~2\WI3CF2~1\10\bin\100190~1.0\x86\rc.exe --mt=C:\PROGRA~2\WI3CF2~1\10\bin\100190~1.0\x86\mt.exe --manifests -- D:\Community\VC\Tools\MSVC\14.29.30037\bin\Hostx86\x86\link.exe /nologo @CMakeFiles\cmTC_f2f1a.dir\objects1.rsp @C:\Users\79841\AppData\Local\Temp\nm73F2.tmp



